# JRE version: Java(TM) SE Runtime Environment (8.0_112-b15) (build 1.8.0_112-b15)
# Java VM: Java HotSpot(TM) 64-Bit Server VM (25.112-b15 mixed mode windows-amd64 compressed oops)
Heap:
 PSYoungGen      total 59904K, used 13145K [0x00000007bc400000, 0x00000007c0000000, 0x00000007c0000000)
  eden space 58368K, 21% used [0x00000007bc400000,0x00000007bd006480,0x00000007bfd00000)
  from space 1536K, 54% used [0x00000007bfd00000,0x00000007bfdd0000,0x00000007bfe80000)
  to   space 1536K, 0% used [0x00000007bfe80000,0x00000007bfe80000,0x00000007c0000000)
 ParOldGen       total 167424K, used 36344K [0x0000000700000000, 0x000000070a380000, 0x00000007bc400000)
  object space 167424K, 21% used [0x0000000700000000,0x000000070237e170,0x000000070a380000)
 Metaspace       used 63067K, capacity 63571K, committed 64384K, reserved 1105920K
  class space    used 8618K, capacity 8722K, committed 8832K, reserved 1048576K
GC Heap History (10 events):
Event: 9408.816 GC heap before
{Heap before GC invocations=96 (full 9):
 PSYoungGen      total 59904K, used 57856K [0x00000007bc400000, 0x00000007c0000000, 0x00000007c0000000)
  eden space 57856K, 100% used [0x00000007bc400000,0x00000007bfc80000,0x00000007bfc80000)
  from space 2048K, 0% used [0x00000007bfe00000,0x00000007bfe00000,0x00000007c0000000)
  to   space 1536K, 0% used [0x00000007bfc80000,0x00000007bfc80000,0x00000007bfe00000)
 ParOldGen       total 167424K, used 36344K [0x0000000700000000, 0x000000070a380000, 0x00000007bc400000)
  object space 167424K, 21% used [0x0000000700000000,0x000000070237e170,0x000000070a380000)
 Metaspace       used 63065K, capacity 63565K, committed 64384K, reserved 1105920K
  class space    used 8618K, capacity 8721K, committed 8832K, reserved 1048576K
Event: 9408.822 GC heap after
Heap after GC invocations=96 (full 9):
 PSYoungGen      total 59392K, used 832K [0x00000007bc400000, 0x00000007c0000000, 0x00000007c0000000)
  eden space 57856K, 0% used [0x00000007bc400000,0x00000007bc400000,0x00000007bfc80000)
  from space 1536K, 54% used [0x00000007bfc80000,0x00000007bfd50000,0x00000007bfe00000)
  to   space 1536K, 0% used [0x00000007bfe80000,0x00000007bfe80000,0x00000007c0000000)
 ParOldGen       total 167424K, used 36344K [0x0000000700000000, 0x000000070a380000, 0x00000007bc400000)
  object space 167424K, 21% used [0x0000000700000000,0x000000070237e170,0x000000070a380000)
 Metaspace       used 63065K, capacity 63565K, committed 64384K, reserved 1105920K
  class space    used 8618K, capacity 8721K, committed 8832K, reserved 1048576K
}
Event: 9774.642 GC heap before
{Heap before GC invocations=97 (full 9):
 PSYoungGen      total 59392K, used 58688K [0x00000007bc400000, 0x00000007c0000000, 0x00000007c0000000)
  eden space 57856K, 100% used [0x00000007bc400000,0x00000007bfc80000,0x00000007bfc80000)
  from space 1536K, 54% used [0x00000007bfc80000,0x00000007bfd50000,0x00000007bfe00000)
  to   space 1536K, 0% used [0x00000007bfe80000,0x00000007bfe80000,0x00000007c0000000)
 ParOldGen       total 167424K, used 36344K [0x0000000700000000, 0x000000070a380000, 0x00000007bc400000)
  object space 167424K, 21% used [0x0000000700000000,0x000000070237e170,0x000000070a380000)
 Metaspace       used 63065K, capacity 63565K, committed 64384K, reserved 1105920K
  class space    used 8618K, capacity 8721K, committed 8832K, reserved 1048576K
Event: 9774.659 GC heap after
Heap after GC invocations=97 (full 9):
 PSYoungGen      total 59904K, used 960K [0x00000007bc400000, 0x00000007c0000000, 0x00000007c0000000)
  eden space 58368K, 0% used [0x00000007bc400000,0x00000007bc400000,0x00000007bfd00000)
  from space 1536K, 62% used [0x00000007bfe80000,0x00000007bff70000,0x00000007c0000000)
  to   space 1536K, 0% used [0x00000007bfd00000,0x00000007bfd00000,0x00000007bfe80000)
 ParOldGen       total 167424K, used 36344K [0x0000000700000000, 0x000000070a380000, 0x00000007bc400000)
  object space 167424K, 21% used [0x0000000700000000,0x000000070237e170,0x000000070a380000)
 Metaspace       used 63065K, capacity 63565K, committed 64384K, reserved 1105920K
  class space    used 8618K, capacity 8721K, committed 8832K, reserved 1048576K
}
Event: 10143.351 GC heap before
{Heap before GC invocations=98 (full 9):
 PSYoungGen      total 59904K, used 59328K [0x00000007bc400000, 0x00000007c0000000, 0x00000007c0000000)
  eden space 58368K, 100% used [0x00000007bc400000,0x00000007bfd00000,0x00000007bfd00000)
  from space 1536K, 62% used [0x00000007bfe80000,0x00000007bff70000,0x00000007c0000000)
  to   space 1536K, 0% used [0x00000007bfd00000,0x00000007bfd00000,0x00000007bfe80000)
 ParOldGen       total 167424K, used 36344K [0x0000000700000000, 0x000000070a380000, 0x00000007bc400000)
  object space 167424K, 21% used [0x0000000700000000,0x000000070237e170,0x000000070a380000)
 Metaspace       used 63065K, capacity 63565K, committed 64384K, reserved 1105920K
  class space    used 8618K, capacity 8721K, committed 8832K, reserved 1048576K
Event: 10143.359 GC heap after
Heap after GC invocations=98 (full 9):
 PSYoungGen      total 59904K, used 864K [0x00000007bc400000, 0x00000007c0000000, 0x00000007c0000000)
  eden space 58368K, 0% used [0x00000007bc400000,0x00000007bc400000,0x00000007bfd00000)
  from space 1536K, 56% used [0x00000007bfd00000,0x00000007bfdd8000,0x00000007bfe80000)
  to   space 1536K, 0% used [0x00000007bfe80000,0x00000007bfe80000,0x00000007c0000000)
 ParOldGen       total 167424K, used 36344K [0x0000000700000000, 0x000000070a380000, 0x00000007bc400000)
  object space 167424K, 21% used [0x0000000700000000,0x000000070237e170,0x000000070a380000)
 Metaspace       used 63065K, capacity 63565K, committed 64384K, reserved 1105920K
  class space    used 8618K, capacity 8721K, committed 8832K, reserved 1048576K
}
Event: 10512.404 GC heap before
{Heap before GC invocations=99 (full 9):
 PSYoungGen      total 59904K, used 59232K [0x00000007bc400000, 0x00000007c0000000, 0x00000007c0000000)
  eden space 58368K, 100% used [0x00000007bc400000,0x00000007bfd00000,0x00000007bfd00000)
  from space 1536K, 56% used [0x00000007bfd00000,0x00000007bfdd8000,0x00000007bfe80000)
  to   space 1536K, 0% used [0x00000007bfe80000,0x00000007bfe80000,0x00000007c0000000)
 ParOldGen       total 167424K, used 36344K [0x0000000700000000, 0x000000070a380000, 0x00000007bc400000)
  object space 167424K, 21% used [0x0000000700000000,0x000000070237e170,0x000000070a380000)
 Metaspace       used 63065K, capacity 63565K, committed 64384K, reserved 1105920K
  class space    used 8618K, capacity 8721K, committed 8832K, reserved 1048576K
Event: 10512.412 GC heap after
Heap after GC invocations=99 (full 9):
 PSYoungGen      total 59904K, used 864K [0x00000007bc400000, 0x00000007c0000000, 0x00000007c0000000)
  eden space 58368K, 0% used [0x00000007bc400000,0x00000007bc400000,0x00000007bfd00000)
  from space 1536K, 56% used [0x00000007bfe80000,0x00000007bff58000,0x00000007c0000000)
  to   space 1536K, 0% used [0x00000007bfd00000,0x00000007bfd00000,0x00000007bfe80000)
 ParOldGen       total 167424K, used 36344K [0x0000000700000000, 0x000000070a380000, 0x00000007bc400000)
  object space 167424K, 21% used [0x0000000700000000,0x000000070237e170,0x000000070a380000)
 Metaspace       used 63065K, capacity 63565K, committed 64384K, reserved 1105920K
  class space    used 8618K, capacity 8721K, committed 8832K, reserved 1048576K
}
Event: 10841.552 GC heap before
{Heap before GC invocations=100 (full 9):
 PSYoungGen      total 59904K, used 52852K [0x00000007bc400000, 0x00000007c0000000, 0x00000007c0000000)
  eden space 58368K, 89% used [0x00000007bc400000,0x00000007bf6c5268,0x00000007bfd00000)
  from space 1536K, 56% used [0x00000007bfe80000,0x00000007bff58000,0x00000007c0000000)
  to   space 1536K, 0% used [0x00000007bfd00000,0x00000007bfd00000,0x00000007bfe80000)
 ParOldGen       total 167424K, used 36344K [0x0000000700000000, 0x000000070a380000, 0x00000007bc400000)
  object space 167424K, 21% used [0x0000000700000000,0x000000070237e170,0x000000070a380000)
 Metaspace       used 63065K, capacity 63565K, committed 64384K, reserved 1105920K
  class space    used 8618K, capacity 8721K, committed 8832K, reserved 1048576K
Event: 10841.558 GC heap after
Heap after GC invocations=100 (full 9):
 PSYoungGen      total 59904K, used 832K [0x00000007bc400000, 0x00000007c0000000, 0x00000007c0000000)
  eden space 58368K, 0% used [0x00000007bc400000,0x00000007bc400000,0x00000007bfd00000)
  from space 1536K, 54% used [0x00000007bfd00000,0x00000007bfdd0000,0x00000007bfe80000)
  to   space 1536K, 0% used [0x00000007bfe80000,0x00000007bfe80000,0x00000007c0000000)
 ParOldGen       total 167424K, used 36344K [0x0000000700000000, 0x000000070a380000, 0x00000007bc400000)
  object space 167424K, 21% used [0x0000000700000000,0x000000070237e170,0x000000070a380000)
 Metaspace       used 63065K, capacity 63565K, committed 64384K, reserved 1105920K
  class space    used 8618K, capacity 8721K, committed 8832K, reserved 1048576K
}

